  [1m[35m (1.4ms)[0m  [1m[34mSELECT sqlite_version(*)[0m
  [1m[35m (8.1ms)[0m  [1m[35mCREATE TABLE "schema_migrations" ("version" varchar NOT NULL PRIMARY KEY)[0m
  [1m[35m (10.3ms)[0m  [1m[35mCREATE TABLE "ar_internal_metadata" ("key" varchar NOT NULL PRIMARY KEY, "value" varchar, "created_at" datetime(6) NOT NULL, "updated_at" datetime(6) NOT NULL)[0m
  [1m[35m (0.1ms)[0m  [1m[34mSELECT "schema_migrations"."version" FROM "schema_migrations" ORDER BY "schema_migrations"."version" ASC[0m
Migrating to CreateCars (20200803224211)
  [1m[35m (0.1ms)[0m  [1m[36mbegin transaction[0m
  [1m[35m (0.3ms)[0m  [1m[35mCREATE TABLE "cars" ("id" integer PRIMARY KEY AUTOINCREMENT NOT NULL, "make" varchar, "model" varchar, "year" integer, "created_at" datetime(6) NOT NULL, "updated_at" datetime(6) NOT NULL)[0m
  [1m[36mprimary::SchemaMigration Create (0.2ms)[0m  [1m[32mINSERT INTO "schema_migrations" ("version") VALUES (?)[0m  [["version", "20200803224211"]]
  [1m[35m (8.6ms)[0m  [1m[36mcommit transaction[0m
  [1m[36mActiveRecord::InternalMetadata Load (0.2ms)[0m  [1m[34mSELECT "ar_internal_metadata".* FROM "ar_internal_metadata" WHERE "ar_internal_metadata"."key" = ? LIMIT ?[0m  [["key", "environment"], ["LIMIT", 1]]
  [1m[35m (0.1ms)[0m  [1m[36mbegin transaction[0m
  [1m[36mActiveRecord::InternalMetadata Create (0.7ms)[0m  [1m[32mINSERT INTO "ar_internal_metadata" ("key", "value", "created_at", "updated_at") VALUES (?, ?, ?, ?)[0m  [["key", "environment"], ["value", "development"], ["created_at", "2020-08-03 22:42:37.368202"], ["updated_at", "2020-08-03 22:42:37.368202"]]
  [1m[35m (6.1ms)[0m  [1m[36mcommit transaction[0m
  [1m[35m (0.1ms)[0m  [1m[34mSELECT sqlite_version(*)[0m
  [1m[35m (0.1ms)[0m  [1m[34mSELECT "schema_migrations"."version" FROM "schema_migrations" ORDER BY "schema_migrations"."version" ASC[0m
Started GET "/" for 127.0.0.1 at 2020-08-04 03:43:18 +0500
  [1m[35m (0.7ms)[0m  [1m[34mSELECT sqlite_version(*)[0m
  [1m[35m (0.3ms)[0m  [1m[34mSELECT "schema_migrations"."version" FROM "schema_migrations" ORDER BY "schema_migrations"."version" ASC[0m
Processing by Rails::WelcomeController#index as HTML
  Rendering /home/umair/.rvm/gems/ruby-2.7.1/gems/railties-6.0.3.2/lib/rails/templates/rails/welcome/index.html.erb
  Rendered /home/umair/.rvm/gems/ruby-2.7.1/gems/railties-6.0.3.2/lib/rails/templates/rails/welcome/index.html.erb (Duration: 6.8ms | Allocations: 407)
Completed 200 OK in 17ms (Views: 10.6ms | ActiveRecord: 0.0ms | Allocations: 2342)


Started GET "/cars" for ::1 at 2020-08-04 03:43:53 +0500
Processing by CarsController#index as HTML
  Rendering cars/index.html.erb within layouts/application
  [1m[36mCar Load (0.2ms)[0m  [1m[34mSELECT "cars".* FROM "cars"[0m
  ↳ app/views/cars/index.html.erb:16
  Rendered cars/index.html.erb within layouts/application (Duration: 3.0ms | Allocations: 1345)
[Webpacker] Compiling...
[Webpacker] Compiled all packs in /home/umair/Desktop/rails/my_first_rails_app/public/packs
[Webpacker] Hash: 15d1bb7b54cf6326b9ba
Version: webpack 4.44.1
Time: 1848ms
Built at: 08/04/2020 3:43:57 AM
                                     Asset       Size       Chunks                         Chunk Names
    js/application-9afcbb5693aa87623e69.js    124 KiB  application  [emitted] [immutable]  application
js/application-9afcbb5693aa87623e69.js.map    139 KiB  application  [emitted] [dev]        application
                             manifest.json  364 bytes               [emitted]              
Entrypoint application = js/application-9afcbb5693aa87623e69.js js/application-9afcbb5693aa87623e69.js.map
[./app/javascript/channels sync recursive _channel\.js$] ./app/javascript/channels sync _channel\.js$ 160 bytes {application} [built]
[./app/javascript/channels/index.js] 211 bytes {application} [built]
[./app/javascript/packs/application.js] 749 bytes {application} [built]
[./node_modules/webpack/buildin/module.js] (webpack)/buildin/module.js 552 bytes {application} [built]
    + 3 hidden modules

Completed 200 OK in 3932ms (Views: 3924.2ms | ActiveRecord: 0.5ms | Allocations: 22660)


Started GET "/cars/new" for ::1 at 2020-08-04 03:44:00 +0500
Processing by CarsController#new as HTML
  Rendering cars/new.html.erb within layouts/application
  Rendered cars/_form.html.erb (Duration: 21.2ms | Allocations: 4575)
  Rendered cars/new.html.erb within layouts/application (Duration: 22.2ms | Allocations: 4910)
[Webpacker] Everything's up-to-date. Nothing to do
Completed 200 OK in 36ms (Views: 27.5ms | ActiveRecord: 0.4ms | Allocations: 11657)


Started POST "/cars" for ::1 at 2020-08-04 03:44:22 +0500
Processing by CarsController#create as HTML
  Parameters: {"authenticity_token"=>"TbYTFcjWBY1E9dkBeGsk0ylletPsDKxmYMA88YNv0sLMWf7ifbjxygKyeKzIdRdlRZwg2BaAVywxF7PDsccU2g==", "car"=>{"make"=>"Honda", "model"=>"City", "year"=>"2019"}, "commit"=>"Create Car"}
  [1m[35m (0.1ms)[0m  [1m[36mbegin transaction[0m
  ↳ app/controllers/cars_controller.rb:30:in `block in create'
  [1m[36mCar Create (0.7ms)[0m  [1m[32mINSERT INTO "cars" ("make", "model", "year", "created_at", "updated_at") VALUES (?, ?, ?, ?, ?)[0m  [["make", "Honda"], ["model", "City"], ["year", 2019], ["created_at", "2020-08-03 22:44:22.011352"], ["updated_at", "2020-08-03 22:44:22.011352"]]
  ↳ app/controllers/cars_controller.rb:30:in `block in create'
  [1m[35m (8.4ms)[0m  [1m[36mcommit transaction[0m
  ↳ app/controllers/cars_controller.rb:30:in `block in create'
Redirected to http://localhost:3000/cars/1
Completed 302 Found in 20ms (ActiveRecord: 9.3ms | Allocations: 4018)


Started GET "/cars/1" for ::1 at 2020-08-04 03:44:22 +0500
Processing by CarsController#show as HTML
  Parameters: {"id"=>"1"}
  [1m[36mCar Load (0.2ms)[0m  [1m[34mSELECT "cars".* FROM "cars" WHERE "cars"."id" = ? LIMIT ?[0m  [["id", 1], ["LIMIT", 1]]
  ↳ app/controllers/cars_controller.rb:67:in `set_car'
  Rendering cars/show.html.erb within layouts/application
  Rendered cars/show.html.erb within layouts/application (Duration: 0.8ms | Allocations: 276)
[Webpacker] Everything's up-to-date. Nothing to do
Completed 200 OK in 9ms (Views: 5.7ms | ActiveRecord: 0.2ms | Allocations: 4721)


Started GET "/cars" for ::1 at 2020-08-04 03:44:26 +0500
Processing by CarsController#index as HTML
  Rendering cars/index.html.erb within layouts/application
  [1m[36mCar Load (0.1ms)[0m  [1m[34mSELECT "cars".* FROM "cars"[0m
  ↳ app/views/cars/index.html.erb:16
  Rendered cars/index.html.erb within layouts/application (Duration: 1.7ms | Allocations: 769)
[Webpacker] Everything's up-to-date. Nothing to do
Completed 200 OK in 9ms (Views: 7.8ms | ActiveRecord: 0.1ms | Allocations: 4131)


Started GET "/cars/1" for ::1 at 2020-08-04 03:44:31 +0500
Processing by CarsController#show as HTML
  Parameters: {"id"=>"1"}
  [1m[36mCar Load (0.1ms)[0m  [1m[34mSELECT "cars".* FROM "cars" WHERE "cars"."id" = ? LIMIT ?[0m  [["id", 1], ["LIMIT", 1]]
  ↳ app/controllers/cars_controller.rb:67:in `set_car'
  Rendering cars/show.html.erb within layouts/application
  Rendered cars/show.html.erb within layouts/application (Duration: 0.4ms | Allocations: 83)
[Webpacker] Everything's up-to-date. Nothing to do
Completed 200 OK in 9ms (Views: 7.0ms | ActiveRecord: 0.1ms | Allocations: 3990)


Started GET "/cars/1/edit" for ::1 at 2020-08-04 03:44:33 +0500
Processing by CarsController#edit as HTML
  Parameters: {"id"=>"1"}
  [1m[36mCar Load (0.1ms)[0m  [1m[34mSELECT "cars".* FROM "cars" WHERE "cars"."id" = ? LIMIT ?[0m  [["id", 1], ["LIMIT", 1]]
  ↳ app/controllers/cars_controller.rb:67:in `set_car'
  Rendering cars/edit.html.erb within layouts/application
  Rendered cars/_form.html.erb (Duration: 2.3ms | Allocations: 955)
  Rendered cars/edit.html.erb within layouts/application (Duration: 3.2ms | Allocations: 1194)
[Webpacker] Everything's up-to-date. Nothing to do
Completed 200 OK in 13ms (Views: 10.6ms | ActiveRecord: 0.1ms | Allocations: 5243)


Started GET "/cars" for ::1 at 2020-08-04 03:44:36 +0500
Processing by CarsController#index as HTML
  Rendering cars/index.html.erb within layouts/application
  [1m[36mCar Load (0.1ms)[0m  [1m[34mSELECT "cars".* FROM "cars"[0m
  ↳ app/views/cars/index.html.erb:16
  Rendered cars/index.html.erb within layouts/application (Duration: 1.9ms | Allocations: 767)
[Webpacker] Everything's up-to-date. Nothing to do
Completed 200 OK in 10ms (Views: 8.7ms | ActiveRecord: 0.1ms | Allocations: 4126)


Started GET "/cars/1/edit" for ::1 at 2020-08-04 03:44:39 +0500
Processing by CarsController#edit as HTML
  Parameters: {"id"=>"1"}
  [1m[36mCar Load (0.1ms)[0m  [1m[34mSELECT "cars".* FROM "cars" WHERE "cars"."id" = ? LIMIT ?[0m  [["id", 1], ["LIMIT", 1]]
  ↳ app/controllers/cars_controller.rb:67:in `set_car'
  Rendering cars/edit.html.erb within layouts/application
  Rendered cars/_form.html.erb (Duration: 2.2ms | Allocations: 926)
  Rendered cars/edit.html.erb within layouts/application (Duration: 6.2ms | Allocations: 1038)
[Webpacker] Everything's up-to-date. Nothing to do
Completed 200 OK in 14ms (Views: 12.5ms | ActiveRecord: 0.1ms | Allocations: 4926)


Started GET "/cars/1/edit" for ::1 at 2020-08-04 03:55:03 +0500
  [1m[35m (0.7ms)[0m  [1m[34mSELECT sqlite_version(*)[0m
  [1m[35m (0.4ms)[0m  [1m[34mSELECT "schema_migrations"."version" FROM "schema_migrations" ORDER BY "schema_migrations"."version" ASC[0m
Processing by CarsController#edit as HTML
  Parameters: {"id"=>"1"}
  [1m[36mCar Load (0.2ms)[0m  [1m[34mSELECT "cars".* FROM "cars" WHERE "cars"."id" = ? LIMIT ?[0m  [["id", 1], ["LIMIT", 1]]
  ↳ app/controllers/cars_controller.rb:67:in `set_car'
  Rendering cars/edit.html.erb within layouts/application
  Rendered cars/_form.html.erb (Duration: 6.1ms | Allocations: 3010)
  Rendered cars/edit.html.erb within layouts/application (Duration: 7.4ms | Allocations: 3510)
[Webpacker] Everything's up-to-date. Nothing to do
Completed 200 OK in 56ms (Views: 18.2ms | ActiveRecord: 1.6ms | Allocations: 15623)


Started GET "/cars" for ::1 at 2020-08-04 03:55:09 +0500
Processing by CarsController#index as HTML
  Rendering cars/index.html.erb within layouts/application
  [1m[36mCar Load (0.2ms)[0m  [1m[34mSELECT "cars".* FROM "cars"[0m
  ↳ app/views/cars/index.html.erb:16
  Rendered cars/index.html.erb within layouts/application (Duration: 5.9ms | Allocations: 1072)
[Webpacker] Everything's up-to-date. Nothing to do
Completed 200 OK in 13ms (Views: 11.5ms | ActiveRecord: 0.2ms | Allocations: 4623)


Started GET "/cars" for ::1 at 2020-08-04 03:55:12 +0500
Processing by CarsController#index as HTML
  Rendering cars/index.html.erb within layouts/application
  [1m[36mCar Load (0.1ms)[0m  [1m[34mSELECT "cars".* FROM "cars"[0m
  ↳ app/views/cars/index.html.erb:16
  Rendered cars/index.html.erb within layouts/application (Duration: 1.9ms | Allocations: 773)
[Webpacker] Everything's up-to-date. Nothing to do
Completed 200 OK in 8ms (Views: 7.0ms | ActiveRecord: 0.1ms | Allocations: 4178)


